<?xml version="1.0" encoding="UTF-8" ?>
<testsuite errors="0" failures="0" hostname="raivo" name="ee.pri.rl.treedistance.test.TreeModificationTest" tests="5" time="0.12" timestamp="2009-05-26T16:07:45">
  <properties>
[...]
</properties>
  <testcase classname="ee.pri.rl.treedistance.test.TreeModificationTest" name="testSwapModifications" time="0.0050" />
  <testcase classname="ee.pri.rl.treedistance.test.TreeModificationTest" name="testNoUnBranchModifications" time="0.0010" />
  <testcase classname="ee.pri.rl.treedistance.test.TreeModificationTest" name="testOneUnBranchModification" time="0.0010" />
  <testcase classname="ee.pri.rl.treedistance.test.TreeModificationTest" name="testOneUnBranchModificationAfterSwap" time="0.0" />
  <testcase classname="ee.pri.rl.treedistance.test.TreeModificationTest" name="testLeafsAfterUnBranchModification" time="0.0010" />
  <system-out><![CDATA[]]></system-out>
  <system-err><![CDATA[]]></system-err>
</testsuite>
