<?xml version="1.0" encoding="UTF-8" ?>
<testsuite errors="0" failures="0" hostname="raivo" name="ee.pri.rl.treedistance.test.NHXReaderTest" tests="1" time="0.345" timestamp="2009-05-26T16:07:43">
  <properties>
[...]
</properties>
  <testcase classname="ee.pri.rl.treedistance.test.NHXReaderTest" name="testParse" time="0.065" />
  <system-out><![CDATA[(((BGIOSIBCA020079_ORYSA,BGIOSIRCA004911_ORYSA),(((BGIOSIBCA031207_ORYSA,BGIOSIBCA031210_ORYSA),BGIOSIRCA007896_ORYSA),At1g47230_ARATH)),((((BGIOSIBCA020437_ORYSA,BGIOSIBCA038717_ORYSA),((((At1g34460_ARATH,At5g06150_ARATH),At3g11520_ARATH),At4g37490_ARATH),At2g26760_ARATH)),(((BGIOSIBCA035401_ORYSA,BGIOSIRCA012928_ORYSA),(At1g20610_ARATH,At1g76310_ARATH)),(At2g17620_ARATH,At4g35620_ARATH))),(((((cdc13_SCHPO,cig2_SCHPO),((CLB1_YEAST,CLB2_YEAST),(CLB5_YEAST,CLB6_YEAST))),((cig1_SCHPO,rem1_SCHPO),(CLB3_YEAST,CLB4_YEAST))),(((((((CCNB1_HUMAN,(Ccnb1_MOUSE,ENSMUST00000096142_MOUSE)),ENSMODT00000025015_MONDO),(Q6P801_XENTR,Q9DD99_XENTR)),((ENSDART00000056220_BRARE,ccnb1_BRARE),NEWSINFRUT00000154336_FUGRU)),(((((CCNB2_HUMAN,Ccnb2_MOUSE),ENSMODT00000011254_MONDO),ENSGALT00000006616_CHICK),(Q66KA1_XENTR,Q9DD98_XENTR)),(ccnb2_BRARE,NEWSINFRUT00000142729_FUGRU))),(CycB-RA_DROME,GA17491-PA_DROPS)),(Sm00.scaff00373.0090_SCHMA,(CBG17647_CAEBR,((F2-cyb-2_CAEEL,cyb-2_CAEEL),cyb-1_CAEEL))))),(((((((CCNB3_HUMAN,Ccnb3_MOUSE),ENSMODT00000014337_MONDO),ENSXETT00000048888_XENTR),(ENSDART00000041619_BRARE,NEWSINFRUT00000166300_FUGRU)),ENSCINT00000015869_CIOIN),((CycB3-RA_DROME,GA19151-PA_DROPS),(CBG05553_CAEBR,cyb-3_CAEEL))),Sm00.scaff00150.0280_SCHMA))))
BGIOSIBCA020079_ORYSA
BGIOSIRCA004911_ORYSA
BGIOSIBCA031207_ORYSA
BGIOSIBCA031210_ORYSA
BGIOSIRCA007896_ORYSA
At1g47230_ARATH
BGIOSIBCA020437_ORYSA
BGIOSIBCA038717_ORYSA
At1g34460_ARATH
At5g06150_ARATH
At3g11520_ARATH
At4g37490_ARATH
At2g26760_ARATH
BGIOSIBCA035401_ORYSA
BGIOSIRCA012928_ORYSA
At1g20610_ARATH
At1g76310_ARATH
At2g17620_ARATH
At4g35620_ARATH
cdc13_SCHPO
cig2_SCHPO
CLB1_YEAST
CLB2_YEAST
CLB5_YEAST
CLB6_YEAST
cig1_SCHPO
rem1_SCHPO
CLB3_YEAST
CLB4_YEAST
CCNB1_HUMAN
Ccnb1_MOUSE
ENSMUST00000096142_MOUSE
ENSMODT00000025015_MONDO
Q6P801_XENTR
Q9DD99_XENTR
ENSDART00000056220_BRARE
ccnb1_BRARE
NEWSINFRUT00000154336_FUGRU
CCNB2_HUMAN
Ccnb2_MOUSE
ENSMODT00000011254_MONDO
ENSGALT00000006616_CHICK
Q66KA1_XENTR
Q9DD98_XENTR
ccnb2_BRARE
NEWSINFRUT00000142729_FUGRU
CycB-RA_DROME
GA17491-PA_DROPS
Sm00.scaff00373.0090_SCHMA
CBG17647_CAEBR
F2-cyb-2_CAEEL
cyb-2_CAEEL
cyb-1_CAEEL
CCNB3_HUMAN
Ccnb3_MOUSE
ENSMODT00000014337_MONDO
ENSXETT00000048888_XENTR
ENSDART00000041619_BRARE
NEWSINFRUT00000166300_FUGRU
ENSCINT00000015869_CIOIN
CycB3-RA_DROME
GA19151-PA_DROPS
CBG05553_CAEBR
cyb-3_CAEEL
Sm00.scaff00150.0280_SCHMA
]]></system-out>
  <system-err><![CDATA[]]></system-err>
</testsuite>
