<?xml version="1.0" encoding="UTF-8" ?>
<testsuite errors="0" failures="0" hostname="raivo" name="ee.pri.rl.treedistance.test.TreeDistanceTest" tests="3" time="0.2" timestamp="2009-05-26T16:07:44">
  <properties>
[...]
</properties>
  <testcase classname="ee.pri.rl.treedistance.test.TreeDistanceTest" name="testWithIO" time="0.058" />
  <testcase classname="ee.pri.rl.treedistance.test.TreeDistanceTest" name="testWithIOComplex" time="0.053" />
  <testcase classname="ee.pri.rl.treedistance.test.TreeDistanceTest" name="test" time="0.0030" />
  <system-out><![CDATA[Swap A and B in first tree
Merge A and C in both trees into L0
Merge B and L0 in both trees into L1
Swaps: 1
Swap B and G in first tree
Swap A and H in first tree
Merge H and G in both trees into L2
Swap L2 and F in first tree
Merge E and F in both trees into L4
Swap L4 and A in first tree
Merge A and L4 in both trees into L8
Swap L8 and C in first tree
Merge L8 and C in both trees into L11
Swaps: 5
Swap A and B in first tree
Merge A and C in both trees into L0
Merge B and L0 in both trees into L1
Swaps: 1
]]></system-out>
  <system-err><![CDATA[]]></system-err>
</testsuite>
